<?xml version="1.0" encoding="UTF-8"?>
<!-- Generated by org.testng.reporters.JUnitXMLReporter -->
<testsuite ignored="0" hostname="DESKTOP-7RQ3IE8" failures="1" tests="1" name="Surefire test" time="7.813" errors="0" timestamp="03 mar 2022 03:30:23 GMT">
  <testcase classname="com.herokuapp.theinternet.PositiveTests" name="loginTest" time="7.794">
    <failure type="java.lang.AssertionError" message="Actual message does not contain expected message.
Actual Message: You logged into a secure area!
×
ExpectedMessage You logged into a secure area! expected [true] but found [false]">
      <![CDATA[java.lang.AssertionError: Actual message does not contain expected message.
Actual Message: You logged into a secure area!
×
ExpectedMessage You logged into a secure area! expected [true] but found [false]
at com.herokuapp.theinternet.PositiveTests.loginTest(PositiveTests.java:69)
... Removed 33 stack frames]]>
    </failure>
  </testcase> <!-- loginTest -->
</testsuite> <!-- Surefire test -->
