<?xml version="1.0" encoding="UTF-8"?>
<testsuite xmlns:xsi="http://www.w3.org/2001/XMLSchema-instance" xsi:noNamespaceSchemaLocation="https://maven.apache.org/surefire/maven-surefire-plugin/xsd/surefire-test-report-3.0.xsd" version="3.0" name="com.herokuapp.theinternet.PositiveTests" time="8.161" tests="1" errors="0" skipped="0" failures="1">
  <properties>
[...]
</properties>
  <testcase name="loginTest" classname="com.herokuapp.theinternet.PositiveTests" time="7.803">
    <failure message="Actual message does not contain expected message.&#10;Actual Message: You logged into a secure area!&#10;×&#10;ExpectedMessage You logged into a secure area! expected [true] but found [false]" type="java.lang.AssertionError"><![CDATA[java.lang.AssertionError: 
Actual message does not contain expected message.
Actual Message: You logged into a secure area!
×
ExpectedMessage You logged into a secure area! expected [true] but found [false]
	at com.herokuapp.theinternet.PositiveTests.loginTest(PositiveTests.java:69)
]]></failure>
    <system-out><![CDATA[Starting loginTest
Page is opened.
]]></system-out>
    <system-err><![CDATA[Starting ChromeDriver 98.0.4758.102 (273bf7ac8c909cde36982d27f66f3c70846a3718-refs/branch-heads/4758@{#1151}) on port 12612
Only local connections are allowed.
Please see https://chromedriver.chromium.org/security-considerations for suggestions on keeping ChromeDriver safe.
ChromeDriver was started successfully.
mar 03, 2022 12:30:16 AM org.openqa.selenium.remote.ProtocolHandshake createSession
INFO: Detected dialect: W3C
]]></system-err>
  </testcase>
</testsuite>